BSS 02:06:00:01:5a:80 (on wlan0)
	TSF: 387630834726 usec (4d, 11:40:30)
	freq: 2437
	beacon interval: 1000
	capability: ESS ShortPreamble SpectrumMgmt ShortSlotTime (0x0521)
	signal: -59.00 dBm
	last seen: 19 ms ago
	SSID: ChinaUnicom
	Supported rates: 6.0* 9.0 12.0* 18.0 24.0* 36.0 48.0 54.0 
	DS Parameter set: channel 6
	Country: CN	Environment: Indoor only
		Channels [1 - 13] @ 27 dBm
	Power constraint: 0 dB
	ERP: <no flags>
	HT capabilities:
		Capabilities: 0x18c
			HT20
			SM Power Save disabled
			TX STBC
			RX STBC 1-stream
			Max AMSDU length: 3839 bytes
			No DSSS/CCK HT40
		Maximum RX AMPDU length 65535 bytes (exponent: 0x003)
		Minimum RX AMPDU time spacing: 8 usec (0x06)
		HT RX MCS rate indexes supported: 0-15
		HT TX MCS rate indexes are undefined
	HT operation:
		 * primary channel: 6
		 * secondary channel offset: no secondary
		 * STA channel width: 20 MHz
		 * RIFS: 0
		 * HT protection: nonmember
		 * non-GF present: 0
		 * OBSS non-GF present: 1
		 * dual beacon: 0
		 * dual CTS protection: 0
		 * STBC beacon: 0
		 * L-SIG TXOP Prot: 0
		 * PCO active: 0
		 * PCO phase: 0
	WMM:	 * Parameter version 1
		 * u-APSD
		 * BE: CW 15-1023, AIFSN 3
		 * BK: CW 15-1023, AIFSN 7
		 * VI: CW 7-15, AIFSN 2, TXOP 3008 usec
		 * VO: acm CW 3-7, AIFSN 2, TXOP 1504 usec
BSS 02:06:00:01:5a:00 (on wlan0)
	TSF: 387630834509 usec (4d, 11:40:30)
	freq: 2412
	beacon interval: 1000
	capability: ESS ShortPreamble SpectrumMgmt ShortSlotTime (0x0521)
	signal: -73.00 dBm
	last seen: 19 ms ago
	SSID: ChinaUnicom
	Supported rates: 6.0* 9.0 12.0* 18.0 24.0* 36.0 48.0 54.0 
	DS Parameter set: channel 1
	Country: CN	Environment: Indoor only
		Channels [1 - 13] @ 27 dBm
	Power constraint: 0 dB
	ERP: NonERP_Present Use_Protection
	HT capabilities:
		Capabilities: 0x18c
			HT20
			SM Power Save disabled
			TX STBC
			RX STBC 1-stream
			Max AMSDU length: 3839 bytes
			No DSSS/CCK HT40
		Maximum RX AMPDU length 65535 bytes (exponent: 0x003)
		Minimum RX AMPDU time spacing: 8 usec (0x06)
		HT RX MCS rate indexes supported: 0-15
		HT TX MCS rate indexes are undefined
	HT operation:
		 * primary channel: 1
		 * secondary channel offset: no secondary
		 * STA channel width: 20 MHz
		 * RIFS: 0
		 * HT protection: nonmember
		 * non-GF present: 0
		 * OBSS non-GF present: 1
		 * dual beacon: 0
		 * dual CTS protection: 0
		 * STBC beacon: 0
		 * L-SIG TXOP Prot: 0
		 * PCO active: 0
		 * PCO phase: 0
	WMM:	 * Parameter version 1
		 * u-APSD
		 * BE: CW 15-1023, AIFSN 3
		 * BK: CW 15-1023, AIFSN 7
		 * VI: CW 7-15, AIFSN 2, TXOP 3008 usec
		 * VO: acm CW 3-7, AIFSN 2, TXOP 1504 usec
BSS 02:06:00:01:5b:00 (on wlan0)
	TSF: 387630834944 usec (4d, 11:40:30)
	freq: 2462
	beacon interval: 1000
	capability: ESS ShortPreamble SpectrumMgmt (0x0121)
	signal: -64.00 dBm
	last seen: 19 ms ago
	SSID: ChinaUnicom
	Supported rates: 6.0* 9.0 12.0* 18.0 24.0* 36.0 48.0 54.0 
	DS Parameter set: channel 11
	Country: CN	Environment: Indoor only
		Channels [1 - 13] @ 27 dBm
	Power constraint: 0 dB
	ERP: NonERP_Present Use_Protection
	HT capabilities:
		Capabilities: 0x18c
			HT20
			SM Power Save disabled
			TX STBC
			RX STBC 1-stream
			Max AMSDU length: 3839 bytes
			No DSSS/CCK HT40
		Maximum RX AMPDU length 65535 bytes (exponent: 0x003)
		Minimum RX AMPDU time spacing: 8 usec (0x06)
		HT RX MCS rate indexes supported: 0-15
		HT TX MCS rate indexes are undefined
	HT operation:
		 * primary channel: 11
		 * secondary channel offset: no secondary
		 * STA channel width: 20 MHz
		 * RIFS: 0
		 * HT protection: nonmember
		 * non-GF present: 0
		 * OBSS non-GF present: 1
		 * dual beacon: 0
		 * dual CTS protection: 0
		 * STBC beacon: 0
		 * L-SIG TXOP Prot: 0
		 * PCO active: 0
		 * PCO phase: 0
	WMM:	 * Parameter version 1
		 * u-APSD
		 * BE: CW 15-1023, AIFSN 3
		 * BK: CW 15-1023, AIFSN 7
		 * VI: CW 7-15, AIFSN 2, TXOP 3008 usec
		 * VO: acm CW 3-7, AIFSN 2, TXOP 1504 usec
BSS 00:23:89:68:a2:70 (on wlan0)
	TSF: 387630835024 usec (4d, 11:40:30)
	freq: 2462
	beacon interval: 100
	capability: ESS ShortPreamble ShortSlotTime (0x0421)
	signal: -74.00 dBm
	last seen: 19 ms ago
	SSID: ChinaNet
	Supported rates: 1.0* 2.0* 5.5* 6.0 9.0 11.0* 12.0 18.0 
	DS Parameter set: channel 11
	TIM: DTIM Count 0 DTIM Period 1 Bitmap Control 0x1 Bitmap[0] 0x0
	Country: CN	Environment: Indoor only
		Channels [1 - 13] @ 27 dBm
	ERP: <no flags>
	Extended supported rates: 24.0 36.0 48.0 54.0 
	WMM:	 * Parameter version 1
		 * u-APSD
		 * BE: CW 15-1023, AIFSN 3
		 * BK: CW 15-1023, AIFSN 7
		 * VI: CW 7-15, AIFSN 2, TXOP 3008 usec
		 * VO: CW 3-7, AIFSN 2, TXOP 1504 usec
BSS 00:23:89:69:71:80 (on wlan0)
	TSF: 387630834641 usec (4d, 11:40:30)
	freq: 2412
	beacon interval: 100
	capability: ESS ShortPreamble ShortSlotTime (0x0421)
	signal: -83.00 dBm
	last seen: 19 ms ago
	SSID: ChinaNet
	Supported rates: 1.0* 2.0* 5.5* 6.0 9.0 11.0* 12.0 18.0 
	DS Parameter set: channel 1
	Country: CN	Environment: Indoor only
		Channels [1 - 13] @ 27 dBm
	ERP: <no flags>
	Extended supported rates: 24.0 36.0 48.0 54.0 
	WMM:	 * Parameter version 1
		 * u-APSD
		 * BE: CW 15-1023, AIFSN 3
		 * BK: CW 15-1023, AIFSN 7
		 * VI: CW 7-15, AIFSN 2, TXOP 3008 usec
		 * VO: CW 3-7, AIFSN 2, TXOP 1504 usec
BSS 00:25:86:5a:d7:e4 (on wlan0)
	TSF: 387630834859 usec (4d, 11:40:30)
	freq: 2437
	beacon interval: 100
	capability: ESS Privacy ShortPreamble SpectrumMgmt ShortSlotTime (0x0531)
	signal: -88.00 dBm
	last seen: 19 ms ago
	SSID: TP-LINK_5AD7E2
	Supported rates: 1.0* 2.0* 5.5* 11.0* 6.0 9.0 12.0 18.0 
	DS Parameter set: channel 6
	TIM: DTIM Count 0 DTIM Period 1 Bitmap Control 0x0 Bitmap[0] 0x0
	Country: CN	Environment: Indoor/Outdoor
		Channels [1 - 13] @ 20 dBm
	Power constraint: 0 dB
	ERP: <no flags>
	RSN:	 * Version: 1
		 * Group cipher: TKIP
		 * Pairwise ciphers: CCMP TKIP
		 * Authentication suites: PSK
		 * Capabilities: (0x0000)
	WPA:	 * Version: 1
		 * Group cipher: TKIP
		 * Pairwise ciphers: CCMP TKIP
		 * Authentication suites: PSK
	Extended supported rates: 24.0 36.0 48.0 54.0 
	WMM:	 * Parameter version 1
		 * BE: CW 15-1023, AIFSN 3
		 * BK: CW 15-1023, AIFSN 7
		 * VI: CW 7-15, AIFSN 2, TXOP 3008 usec
		 * VO: acm CW 3-7, AIFSN 2, TXOP 1504 usec
	HT capabilities:
		Capabilities: 0x104e
			HT20/HT40
			SM Power Save disabled
			RX HT40 SGI
			No RX STBC
			Max AMSDU length: 3839 bytes
			DSSS/CCK HT40
		Maximum RX AMPDU length 65535 bytes (exponent: 0x003)
		Minimum RX AMPDU time spacing: 8 usec (0x06)
		HT RX MCS rate indexes supported: 0-15
		HT TX MCS rate indexes are undefined
	HT operation:
		 * primary channel: 6
		 * secondary channel offset: below
		 * STA channel width: any
		 * RIFS: 0
		 * HT protection: non-HT mixed
		 * non-GF present: 0
		 * OBSS non-GF present: 1
		 * dual beacon: 0
		 * dual CTS protection: 0
		 * STBC beacon: 0
		 * L-SIG TXOP Prot: 0
		 * PCO active: 0
		 * PCO phase: 0
	WPS:	 * Version: 1.0
		 * Wi-Fi Protected Setup State: 2 (Configured)
		 * AP setup locked: 0x00
		 * Unknown TLV (0x1047, 16 bytes): 56 5a a9 49 67 c1 4c 0e aa 8f f3 49 e6 f5 93 11
		 * RF Bands: 0x1
BSS 38:83:45:79:23:f0 (on wlan0)
	TSF: 387630834594 usec (4d, 11:40:30)
	freq: 2412
	beacon interval: 100
	capability: ESS Privacy ShortPreamble ShortSlotTime (0x0431)
	signal: -71.00 dBm
	last seen: 19 ms ago
	SSID: Wayne's WIFI
	Supported rates: 1.0* 2.0* 5.5* 11.0* 6.0 9.0 12.0 18.0 
	DS Parameter set: channel 1
	Country: US	Environment: Indoor/Outdoor
		Channels [1 - 13] @ 20 dBm
	ERP: <no flags>
	RSN:	 * Version: 1
		 * Group cipher: CCMP
		 * Pairwise ciphers: CCMP
		 * Authentication suites: PSK
		 * Capabilities: (0x0000)
	Extended supported rates: 24.0 36.0 48.0 54.0 
	HT capabilities:
		Capabilities: 0x106e
			HT20/HT40
			SM Power Save disabled
			RX HT20 SGI
			RX HT40 SGI
			No RX STBC
			Max AMSDU length: 3839 bytes
			DSSS/CCK HT40
		Maximum RX AMPDU length 65535 bytes (exponent: 0x003)
		Minimum RX AMPDU time spacing: No restriction (0x00)
		HT RX MCS rate indexes supported: 0-7
		HT TX MCS rate indexes are undefined
	HT operation:
		 * primary channel: 1
		 * secondary channel offset: above
		 * STA channel width: any
		 * RIFS: 0
		 * HT protection: nonmember
		 * non-GF present: 0
		 * OBSS non-GF present: 1
		 * dual beacon: 0
		 * dual CTS protection: 0
		 * STBC beacon: 0
		 * L-SIG TXOP Prot: 0
		 * PCO active: 0
		 * PCO phase: 0
	WPA:	 * Version: 1
		 * Group cipher: CCMP
		 * Pairwise ciphers: CCMP
		 * Authentication suites: PSK
	WMM:	 * Parameter version 1
		 * BE: CW 15-1023, AIFSN 3
		 * BK: CW 15-1023, AIFSN 7
		 * VI: CW 7-15, AIFSN 2, TXOP 3008 usec
		 * VO: acm CW 3-7, AIFSN 2, TXOP 1504 usec
BSS 14:e6:e4:4c:98:0e (on wlan0)
	TSF: 387630834812 usec (4d, 11:40:30)
	freq: 2437
	beacon interval: 100
	capability: ESS Privacy ShortPreamble SpectrumMgmt ShortSlotTime (0x0531)
	signal: -91.00 dBm
	last seen: 19 ms ago
	SSID: kc's network
	Supported rates: 1.0* 2.0* 5.5* 11.0* 6.0 9.0 12.0 18.0 
	DS Parameter set: channel 6
	TIM: DTIM Count 0 DTIM Period 1 Bitmap Control 0x0 Bitmap[0] 0x4
	Country: US	Environment: Indoor/Outdoor
		Channels [1 - 13] @ 20 dBm
	Power constraint: 0 dB
	ERP: <no flags>
	RSN:	 * Version: 1
		 * Group cipher: CCMP
		 * Pairwise ciphers: CCMP
		 * Authentication suites: PSK
		 * Capabilities: (0x0000)
	Extended supported rates: 24.0 36.0 48.0 22.5 
	HT capabilities:
		Capabilities: 0x106e
			HT20/HT40
			SM Power Save disabled
			RX HT20 SGI
			RX HT40 SGI
			No RX STBC
			Max AMSDU length: 3839 bytes
			DSSS/CCK HT40
		Maximum RX AMPDU length 65535 bytes (exponent: 0x003)
		Minimum RX AMPDU time spacing: No restriction (0x00)
		HT RX MCS rate indexes supported: 0-15
		HT TX MCS rate indexes are undefined
	HT operation:
		 * primary channel: 6
		 * secondary channel offset: above
		 * STA channel width: any
		 * RIFS: 0
		 * HT protection: non-HT mixed
		 * non-GF present: 1
		 * OBSS non-GF present: 1
		 * dual beacon: 0
		 * dual CTS protection: 0
		 * STBC beacon: 0
		 * L-SIG TXOP Prot: 0
		 * PCO active: 0
		 * PCO phase: 0
	WMM:	 * Parameter version 1
		 * u-APSD
		 * BE: CW 15-1023, AIFSN 3
		 * BK: CW 15-1023, AIFSN 7
		 * VI: CW 7-15, AIFSN 2, TXOP 3008 usec
		 * VO: acm CW 3-7, AIFSN 2, TXOP 1504 usec
	WPS:	 * Version: 1.0
		 * Wi-Fi Protected Setup State: 2 (Configured)
BSS 00:27:1d:04:21:66 (on wlan0)
	TSF: 387630834984 usec (4d, 11:40:30)
	freq: 2462
	beacon interval: 100
	capability: ESS ShortPreamble (0x0021)
	signal: -78.00 dBm
	last seen: 19 ms ago
	SSID: CMCC
	Supported rates: 1.0* 2.0* 5.5* 11.0* 6.0 9.0 12.0 18.0 
	DS Parameter set: channel 11
	TIM: DTIM Count 0 DTIM Period 1 Bitmap Control 0x0 Bitmap[0] 0x0
	ERP: Use_Protection
	Extended supported rates: 24.0 36.0 48.0 54.0 
	WMM:	 * Parameter version 1
		 * u-APSD
		 * BE: CW 15-1023, AIFSN 3
		 * BK: CW 15-1023, AIFSN 7
		 * VI: CW 7-15, AIFSN 2, TXOP 3008 usec
		 * VO: acm CW 3-7, AIFSN 2, TXOP 1504 usec
BSS 14:e6:e4:99:9d:d0 (on wlan0)
	TSF: 387630834683 usec (4d, 11:40:30)
	freq: 2412
	beacon interval: 100
	capability: ESS Privacy ShortPreamble ShortSlotTime (0x0431)
	signal: -83.00 dBm
	last seen: 19 ms ago
	SSID: Eddie's WiFi
	Supported rates: 1.0* 2.0* 5.5* 11.0* 6.0 9.0 12.0 18.0 
	DS Parameter set: channel 1
	TIM: DTIM Count 0 DTIM Period 1 Bitmap Control 0x0 Bitmap[0] 0x0
	Country: US	Environment: Indoor/Outdoor
		Channels [1 - 13] @ 20 dBm
	ERP: <no flags>
	RSN:	 * Version: 1
		 * Group cipher: TKIP
		 * Pairwise ciphers: CCMP TKIP
		 * Authentication suites: PSK
		 * Capabilities: (0x0000)
	Extended supported rates: 24.0 36.0 48.0 54.0 
	HT capabilities:
		Capabilities: 0x106e
			HT20/HT40
			SM Power Save disabled
			RX HT20 SGI
			RX HT40 SGI
			No RX STBC
			Max AMSDU length: 3839 bytes
			DSSS/CCK HT40
		Maximum RX AMPDU length 65535 bytes (exponent: 0x003)
		Minimum RX AMPDU time spacing: No restriction (0x00)
		HT RX MCS rate indexes supported: 0-7
		HT TX MCS rate indexes are undefined
	HT operation:
		 * primary channel: 1
		 * secondary channel offset: above
		 * STA channel width: any
		 * RIFS: 0
		 * HT protection: nonmember
		 * non-GF present: 0
		 * OBSS non-GF present: 1
		 * dual beacon: 0
		 * dual CTS protection: 0
		 * STBC beacon: 0
		 * L-SIG TXOP Prot: 0
		 * PCO active: 0
		 * PCO phase: 0
	WPA:	 * Version: 1
		 * Group cipher: TKIP
		 * Pairwise ciphers: CCMP TKIP
		 * Authentication suites: PSK
	WMM:	 * Parameter version 1
		 * BE: CW 15-1023, AIFSN 3
		 * BK: CW 15-1023, AIFSN 7
		 * VI: CW 7-15, AIFSN 2, TXOP 3008 usec
		 * VO: acm CW 3-7, AIFSN 2, TXOP 1504 usec
BSS 00:22:3f:d8:21:90 (on wlan0)
	TSF: 387630834773 usec (4d, 11:40:30)
	freq: 2437
	beacon interval: 100
	capability: ESS Privacy ShortSlotTime (0x0411)
	signal: -87.00 dBm
	last seen: 19 ms ago
	SSID: ZJ2-108
	Supported rates: 1.0* 2.0* 5.5* 11.0* 18.0 24.0 36.0 54.0 
	DS Parameter set: channel 6
	ERP: Barker_Preamble_Mode
	RSN:	 * Version: 1
		 * Group cipher: TKIP
		 * Pairwise ciphers: CCMP TKIP
		 * Authentication suites: PSK
		 * Capabilities: 16-PTKSA-RC (0x000c)
	Extended supported rates: 6.0 9.0 12.0 48.0 
	WPA:	 * Version: 1
		 * Group cipher: TKIP
		 * Pairwise ciphers: CCMP TKIP
		 * Authentication suites: PSK
		 * Capabilities: 16-PTKSA-RC (0x000c)
	WMM:	 * Parameter version 1
		 * u-APSD
		 * BE: CW 15-1023, AIFSN 3
		 * BK: CW 15-1023, AIFSN 7
		 * VI: CW 7-15, AIFSN 2, TXOP 3008 usec
		 * VO: CW 3-7, AIFSN 2, TXOP 1504 usec
BSS 00:23:89:00:e5:10 (on wlan0)
	TSF: 387630834902 usec (4d, 11:40:30)
	freq: 2437
	beacon interval: 100
	capability: ESS ShortPreamble ShortSlotTime (0x0421)
	signal: -84.00 dBm
	last seen: 19 ms ago
	SSID: ChinaNet
	Supported rates: 1.0* 2.0* 5.5* 6.0 9.0 11.0* 12.0 18.0 
	DS Parameter set: channel 6
	TIM: DTIM Count 0 DTIM Period 1 Bitmap Control 0x0 Bitmap[0] 0x0
	Country: CN	Environment: Indoor only
		Channels [1 - 13] @ 27 dBm
	ERP: <no flags>
	Extended supported rates: 24.0 36.0 48.0 54.0 
	WMM:	 * Parameter version 1
		 * u-APSD
		 * BE: CW 15-1023, AIFSN 3
		 * BK: CW 15-1023, AIFSN 7
		 * VI: CW 7-15, AIFSN 2, TXOP 3008 usec
		 * VO: CW 3-7, AIFSN 2, TXOP 1504 usec
