BSS 00:23:89:68:a2:70 (on wlan0)
	TSF: 387783112434 usec (4d, 11:43:03)
	freq: 2462
	beacon interval: 100
	capability: ESS ShortPreamble ShortSlotTime (0x0421)
	signal: -66.00 dBm
	last seen: 27 ms ago
	SSID: ChinaNet
	Supported rates: 1.0* 2.0* 5.5* 6.0 9.0 11.0* 12.0 18.0 
	DS Parameter set: channel 11
	TIM: DTIM Count 0 DTIM Period 1 Bitmap Control 0x1 Bitmap[0] 0x10
	Country: CN	Environment: Indoor only
		Channels [1 - 13] @ 27 dBm
	ERP: <no flags>
	Extended supported rates: 24.0 36.0 48.0 54.0 
	WMM:	 * Parameter version 1
		 * u-APSD
		 * BE: CW 15-1023, AIFSN 3
		 * BK: CW 15-1023, AIFSN 7
		 * VI: CW 7-15, AIFSN 2, TXOP 3008 usec
		 * VO: CW 3-7, AIFSN 2, TXOP 1504 usec
BSS 00:27:1d:05:28:0f (on wlan0)
	TSF: 387783111892 usec (4d, 11:43:03)
	freq: 2412
	beacon interval: 100
	capability: ESS ShortPreamble ShortSlotTime (0x0421)
	signal: -74.00 dBm
	last seen: 27 ms ago
	SSID: CMCC-EDU
	Supported rates: 1.0* 2.0* 5.5* 11.0* 6.0 9.0 12.0 18.0 
	DS Parameter set: channel 1
	TIM: DTIM Count 0 DTIM Period 1 Bitmap Control 0x3 Bitmap[0] 0x4
	ERP: <no flags>
	Extended supported rates: 24.0 36.0 48.0 54.0 
	WMM:	 * Parameter version 1
		 * u-APSD
		 * BE: CW 15-1023, AIFSN 3
		 * BK: CW 15-1023, AIFSN 7
		 * VI: CW 7-15, AIFSN 2, TXOP 3008 usec
		 * VO: acm CW 3-7, AIFSN 2, TXOP 1504 usec
BSS 00:23:89:69:71:80 (on wlan0)
	TSF: 387783111972 usec (4d, 11:43:03)
	freq: 2412
	beacon interval: 100
	capability: ESS ShortPreamble ShortSlotTime (0x0421)
	signal: -80.00 dBm
	last seen: 27 ms ago
	SSID: ChinaNet
	Supported rates: 1.0* 2.0* 5.5* 6.0 9.0 11.0* 12.0 18.0 
	DS Parameter set: channel 1
	TIM: DTIM Count 0 DTIM Period 1 Bitmap Control 0x1 Bitmap[0] 0x0
	Country: CN	Environment: Indoor only
		Channels [1 - 13] @ 27 dBm
	ERP: <no flags>
	Extended supported rates: 24.0 36.0 48.0 54.0 
	WMM:	 * Parameter version 1
		 * u-APSD
		 * BE: CW 15-1023, AIFSN 3
		 * BK: CW 15-1023, AIFSN 7
		 * VI: CW 7-15, AIFSN 2, TXOP 3008 usec
		 * VO: CW 3-7, AIFSN 2, TXOP 1504 usec
BSS 00:27:1d:06:28:0f (on wlan0)
	TSF: 387783112059 usec (4d, 11:43:03)
	freq: 2412
	beacon interval: 100
	capability: ESS Privacy ShortPreamble ShortSlotTime (0x0431)
	signal: -74.00 dBm
	last seen: 27 ms ago
	SSID: CMCC-AUTO
	Supported rates: 1.0* 2.0* 5.5* 11.0* 6.0 9.0 12.0 18.0 
	DS Parameter set: channel 1
	TIM: DTIM Count 0 DTIM Period 1 Bitmap Control 0x0 Bitmap[0] 0x0
	ERP: <no flags>
	RSN:	 * Version: 1
		 * Group cipher: CCMP
		 * Pairwise ciphers: CCMP
		 * Authentication suites: IEEE 802.1X
		 * Capabilities: (0x0000)
	Extended supported rates: 24.0 36.0 48.0 54.0 
	WMM:	 * Parameter version 1
		 * u-APSD
		 * BE: CW 15-1023, AIFSN 3
		 * BK: CW 15-1023, AIFSN 7
		 * VI: CW 7-15, AIFSN 2, TXOP 3008 usec
		 * VO: acm CW 3-7, AIFSN 2, TXOP 1504 usec
BSS 00:27:1d:04:1f:b6 (on wlan0)
	TSF: 387783112140 usec (4d, 11:43:03)
	freq: 2437
	beacon interval: 100
	capability: ESS ShortPreamble (0x0021)
	signal: -76.00 dBm
	last seen: 27 ms ago
	SSID: CMCC
	Supported rates: 1.0* 2.0* 5.5* 11.0* 6.0 9.0 12.0 18.0 
	DS Parameter set: channel 6
	TIM: DTIM Count 0 DTIM Period 1 Bitmap Control 0x0 Bitmap[0] 0x0
	ERP: Use_Protection
	Extended supported rates: 24.0 36.0 48.0 54.0 
	WMM:	 * Parameter version 1
		 * u-APSD
		 * BE: CW 15-1023, AIFSN 3
		 * BK: CW 15-1023, AIFSN 7
		 * VI: CW 7-15, AIFSN 2, TXOP 3008 usec
		 * VO: acm CW 3-7, AIFSN 2, TXOP 1504 usec
BSS 00:27:1d:06:1f:b6 (on wlan0)
	TSF: 387783112316 usec (4d, 11:43:03)
	freq: 2437
	beacon interval: 100
	capability: ESS Privacy ShortPreamble (0x0031)
	signal: -76.00 dBm
	last seen: 27 ms ago
	SSID: CMCC-AUTO
	Supported rates: 1.0* 2.0* 5.5* 11.0* 6.0 9.0 12.0 18.0 
	DS Parameter set: channel 6
	RSN:	 * Version: 1
		 * Group cipher: CCMP
		 * Pairwise ciphers: CCMP
		 * Authentication suites: IEEE 802.1X
		 * Capabilities: (0x0000)
	ERP: Use_Protection
	Extended supported rates: 24.0 36.0 48.0 54.0 
	WMM:	 * Parameter version 1
		 * u-APSD
		 * BE: CW 15-1023, AIFSN 3
		 * BK: CW 15-1023, AIFSN 7
		 * VI: CW 7-15, AIFSN 2, TXOP 3008 usec
		 * VO: acm CW 3-7, AIFSN 2, TXOP 1504 usec
BSS 00:23:89:23:dc:30 (on wlan0)
	TSF: 387783112014 usec (4d, 11:43:03)
	freq: 2412
	beacon interval: 100
	capability: ESS ShortPreamble ShortSlotTime (0x0421)
	signal: -82.00 dBm
	last seen: 27 ms ago
	SSID: ChinaNet
	Supported rates: 1.0* 2.0* 5.5* 6.0 9.0 11.0* 12.0 18.0 
	DS Parameter set: channel 1
	TIM: DTIM Count 0 DTIM Period 1 Bitmap Control 0x1 Bitmap[0] 0x0
	Country: CN	Environment: Indoor only
		Channels [1 - 13] @ 27 dBm
	ERP: <no flags>
	Extended supported rates: 24.0 36.0 48.0 54.0 
	WMM:	 * Parameter version 1
		 * u-APSD
		 * BE: CW 15-1023, AIFSN 3
		 * BK: CW 15-1023, AIFSN 7
		 * VI: CW 7-15, AIFSN 2, TXOP 3008 usec
		 * VO: CW 3-7, AIFSN 2, TXOP 1504 usec
BSS d8:5d:4c:d1:b2:82 (on wlan0)
	TSF: 387783112235 usec (4d, 11:43:03)
	freq: 2437
	beacon interval: 100
	capability: ESS ShortSlotTime (0x0401)
	signal: -76.00 dBm
	last seen: 27 ms ago
	SSID: wanghenan
	Supported rates: 1.0* 2.0* 5.5* 11.0* 6.0 9.0 12.0 18.0 
	DS Parameter set: channel 6
	Country: US	Environment: Indoor/Outdoor
		Channels [1 - 11] @ 27 dBm
	ERP: Barker_Preamble_Mode
	Extended supported rates: 24.0 36.0 48.0 54.0 
	HT capabilities:
		Capabilities: 0x11ec
			HT20
			SM Power Save disabled
			RX HT20 SGI
			RX HT40 SGI
			TX STBC
			RX STBC 1-stream
			Max AMSDU length: 3839 bytes
			DSSS/CCK HT40
		Maximum RX AMPDU length 65535 bytes (exponent: 0x003)
		Minimum RX AMPDU time spacing: 8 usec (0x06)
		HT TX/RX MCS rate indexes supported: 0-15
	HT operation:
		 * primary channel: 6
		 * secondary channel offset: no secondary
		 * STA channel width: 20 MHz
		 * RIFS: 0
		 * HT protection: no
		 * non-GF present: 0
		 * OBSS non-GF present: 0
		 * dual beacon: 0
		 * dual CTS protection: 0
		 * STBC beacon: 0
		 * L-SIG TXOP Prot: 0
		 * PCO active: 0
		 * PCO phase: 0
	WMM:	 * Parameter version 1
		 * BE: CW 15-1023, AIFSN 3
		 * BK: CW 15-1023, AIFSN 7
		 * VI: CW 7-15, AIFSN 2, TXOP 3008 usec
		 * VO: CW 3-7, AIFSN 2, TXOP 1504 usec
BSS 40:16:9f:46:0a:7a (on wlan0)
	TSF: 387783112188 usec (4d, 11:43:03)
	freq: 2437
	beacon interval: 100
	capability: ESS Privacy ShortPreamble ShortSlotTime (0x0431)
	signal: -73.00 dBm
	last seen: 27 ms ago
	SSID: whn09
	Supported rates: 1.0* 2.0* 5.5* 11.0* 6.0 9.0 12.0 18.0 
	DS Parameter set: channel 6
	Country: US	Environment: Indoor/Outdoor
		Channels [1 - 11] @ 27 dBm
	ERP: <no flags>
	RSN:	 * Version: 1
		 * Group cipher: CCMP
		 * Pairwise ciphers: CCMP
		 * Authentication suites: PSK
		 * Capabilities: (0x0000)
	Extended supported rates: 24.0 36.0 48.0 54.0 
	HT capabilities:
		Capabilities: 0x106e
			HT20/HT40
			SM Power Save disabled
			RX HT20 SGI
			RX HT40 SGI
			No RX STBC
			Max AMSDU length: 3839 bytes
			DSSS/CCK HT40
		Maximum RX AMPDU length 65535 bytes (exponent: 0x003)
		Minimum RX AMPDU time spacing: No restriction (0x00)
		HT RX MCS rate indexes supported: 0-7
		HT TX MCS rate indexes are undefined
	HT operation:
		 * primary channel: 6
		 * secondary channel offset: above
		 * STA channel width: any
		 * RIFS: 0
		 * HT protection: nonmember
		 * non-GF present: 0
		 * OBSS non-GF present: 1
		 * dual beacon: 0
		 * dual CTS protection: 0
		 * STBC beacon: 0
		 * L-SIG TXOP Prot: 0
		 * PCO active: 0
		 * PCO phase: 0
	WPA:	 * Version: 1
		 * Group cipher: CCMP
		 * Pairwise ciphers: CCMP
		 * Authentication suites: PSK
	WMM:	 * Parameter version 1
		 * BE: CW 15-1023, AIFSN 3
		 * BK: CW 15-1023, AIFSN 7
		 * VI: CW 7-15, AIFSN 2, TXOP 3008 usec
		 * VO: acm CW 3-7, AIFSN 2, TXOP 1504 usec
	WPS:	 * Version: 1.0
		 * Wi-Fi Protected Setup State: 2 (Configured)
		 * Response Type: 3 (AP)
		 * Unknown TLV (0x1047, 16 bytes): 00 00 00 00 00 00 10 00 00 00 40 16 9f 46 0a 7a
		 * Manufacturer: TP-LINK
		 * Model: TL-WR740N
		 * Model Number: 1.0
		 * Serial Number: 1.0
		 * Primary Device Type: 6-0050f204-1
		 * Device name: Wireless Router TL-WR740N
		 * Config methods: Ethernet, Label, PBC
		 * RF Bands: 0x1
BSS 38:83:45:b6:f2:5a (on wlan0)
	TSF: 387783112477 usec (4d, 11:43:03)
	freq: 2462
	beacon interval: 100
	capability: ESS Privacy ShortSlotTime (0x0411)
	signal: -83.00 dBm
	last seen: 27 ms ago
	SSID: CheersMR11U
	Supported rates: 1.0* 2.0* 5.5* 11.0* 6.0 9.0 12.0 18.0 
	DS Parameter set: channel 11
	Country: US	Environment: Indoor/Outdoor
		Channels [1 - 11] @ 27 dBm
	ERP: Barker_Preamble_Mode
	Extended supported rates: 24.0 36.0 48.0 54.0 
	RSN:	 * Version: 1
		 * Group cipher: CCMP
		 * Pairwise ciphers: CCMP
		 * Authentication suites: PSK
		 * Capabilities: 16-PTKSA-RC (0x000c)
	HT capabilities:
		Capabilities: 0x116c
			HT20
			SM Power Save disabled
			RX HT20 SGI
			RX HT40 SGI
			RX STBC 1-stream
			Max AMSDU length: 3839 bytes
			DSSS/CCK HT40
		Maximum RX AMPDU length 65535 bytes (exponent: 0x003)
		Minimum RX AMPDU time spacing: 8 usec (0x06)
		HT TX/RX MCS rate indexes supported: 0-7
	HT operation:
		 * primary channel: 11
		 * secondary channel offset: no secondary
		 * STA channel width: 20 MHz
		 * RIFS: 0
		 * HT protection: no
		 * non-GF present: 1
		 * OBSS non-GF present: 0
		 * dual beacon: 0
		 * dual CTS protection: 0
		 * STBC beacon: 0
		 * L-SIG TXOP Prot: 0
		 * PCO active: 0
		 * PCO phase: 0
	WMM:	 * Parameter version 1
		 * BE: CW 15-1023, AIFSN 3
		 * BK: CW 15-1023, AIFSN 7
		 * VI: CW 7-15, AIFSN 2, TXOP 3008 usec
		 * VO: CW 3-7, AIFSN 2, TXOP 1504 usec
BSS 00:23:89:00:e5:10 (on wlan0)
	TSF: 387783112101 usec (4d, 11:43:03)
	freq: 2437
	beacon interval: 100
	capability: ESS ShortPreamble ShortSlotTime (0x0421)
	signal: -80.00 dBm
	last seen: 27 ms ago
	SSID: ChinaNet
	Supported rates: 1.0* 2.0* 5.5* 6.0 9.0 11.0* 12.0 18.0 
	DS Parameter set: channel 6
	TIM: DTIM Count 0 DTIM Period 1 Bitmap Control 0x0 Bitmap[0] 0x0
	Country: CN	Environment: Indoor only
		Channels [1 - 13] @ 27 dBm
	ERP: <no flags>
	Extended supported rates: 24.0 36.0 48.0 54.0 
	WMM:	 * Parameter version 1
		 * u-APSD
		 * BE: CW 15-1023, AIFSN 3
		 * BK: CW 15-1023, AIFSN 7
		 * VI: CW 7-15, AIFSN 2, TXOP 3008 usec
		 * VO: CW 3-7, AIFSN 2, TXOP 1504 usec
BSS 00:27:1d:05:1f:b6 (on wlan0)
	TSF: 387783112277 usec (4d, 11:43:03)
	freq: 2437
	beacon interval: 100
	capability: ESS ShortPreamble (0x0021)
	signal: -75.00 dBm
	last seen: 27 ms ago
	SSID: CMCC-EDU
	Supported rates: 1.0* 2.0* 5.5* 11.0* 6.0 9.0 12.0 18.0 
	DS Parameter set: channel 6
	ERP: Use_Protection
	Extended supported rates: 24.0 36.0 48.0 54.0 
	WMM:	 * Parameter version 1
		 * u-APSD
		 * BE: CW 15-1023, AIFSN 3
		 * BK: CW 15-1023, AIFSN 7
		 * VI: CW 7-15, AIFSN 2, TXOP 3008 usec
		 * VO: acm CW 3-7, AIFSN 2, TXOP 1504 usec
BSS 00:27:1d:04:21:79 (on wlan0)
	TSF: 387783112357 usec (4d, 11:43:03)
	freq: 2462
	beacon interval: 100
	capability: ESS ShortPreamble (0x0021)
	signal: -83.00 dBm
	last seen: 27 ms ago
	SSID: CMCC
	Supported rates: 1.0* 2.0* 5.5* 11.0* 6.0 9.0 12.0 18.0 
	DS Parameter set: channel 11
	TIM: DTIM Count 0 DTIM Period 1 Bitmap Control 0x0 Bitmap[0] 0x0
	ERP: Use_Protection
	Extended supported rates: 24.0 36.0 48.0 54.0 
	WMM:	 * Parameter version 1
		 * u-APSD
		 * BE: CW 15-1023, AIFSN 3
		 * BK: CW 15-1023, AIFSN 7
		 * VI: CW 7-15, AIFSN 2, TXOP 3008 usec
		 * VO: acm CW 3-7, AIFSN 2, TXOP 1504 usec
BSS 00:27:1d:06:21:79 (on wlan0)
	TSF: 387783112397 usec (4d, 11:43:03)
	freq: 2462
	beacon interval: 100
	capability: ESS Privacy ShortPreamble (0x0031)
	signal: -80.00 dBm
	last seen: 27 ms ago
	SSID: CMCC-AUTO
	Supported rates: 1.0* 2.0* 5.5* 11.0* 6.0 9.0 12.0 18.0 
	DS Parameter set: channel 11
	TIM: DTIM Count 0 DTIM Period 1 Bitmap Control 0x0 Bitmap[0] 0x0
	ERP: Use_Protection
	RSN:	 * Version: 1
		 * Group cipher: CCMP
		 * Pairwise ciphers: CCMP
		 * Authentication suites: IEEE 802.1X
		 * Capabilities: (0x0000)
	Extended supported rates: 24.0 36.0 48.0 54.0 
	WMM:	 * Parameter version 1
		 * u-APSD
		 * BE: CW 15-1023, AIFSN 3
		 * BK: CW 15-1023, AIFSN 7
		 * VI: CW 7-15, AIFSN 2, TXOP 3008 usec
		 * VO: acm CW 3-7, AIFSN 2, TXOP 1504 usec
