BSS 00:23:89:68:a2:70 (on wlan0)
	TSF: 387749061047 usec (4d, 11:42:29)
	freq: 2462
	beacon interval: 100
	capability: ESS ShortPreamble ShortSlotTime (0x0421)
	signal: -66.00 dBm
	last seen: 7 ms ago
	SSID: ChinaNet
	Supported rates: 1.0* 2.0* 5.5* 6.0 9.0 11.0* 12.0 18.0 
	DS Parameter set: channel 11
	TIM: DTIM Count 0 DTIM Period 1 Bitmap Control 0x1 Bitmap[0] 0x10
	Country: CN	Environment: Indoor only
		Channels [1 - 13] @ 27 dBm
	ERP: <no flags>
	Extended supported rates: 24.0 36.0 48.0 54.0 
	WMM:	 * Parameter version 1
		 * u-APSD
		 * BE: CW 15-1023, AIFSN 3
		 * BK: CW 15-1023, AIFSN 7
		 * VI: CW 7-15, AIFSN 2, TXOP 3008 usec
		 * VO: CW 3-7, AIFSN 2, TXOP 1504 usec
BSS 00:27:1d:04:21:66 (on wlan0)
	TSF: 387749061060 usec (4d, 11:42:29)
	freq: 2462
	beacon interval: 100
	capability: ESS ShortPreamble ShortSlotTime (0x0421)
	signal: -87.00 dBm
	last seen: 7 ms ago
	SSID: CMCC
	Supported rates: 1.0* 2.0* 5.5* 11.0* 6.0 9.0 12.0 18.0 
	DS Parameter set: channel 11
	TIM: DTIM Count 0 DTIM Period 1 Bitmap Control 0x0 Bitmap[0] 0x0
	ERP: <no flags>
	Extended supported rates: 24.0 36.0 48.0 54.0 
	WMM:	 * Parameter version 1
		 * u-APSD
		 * BE: CW 15-1023, AIFSN 3
		 * BK: CW 15-1023, AIFSN 7
		 * VI: CW 7-15, AIFSN 2, TXOP 3008 usec
		 * VO: acm CW 3-7, AIFSN 2, TXOP 1504 usec
BSS 00:27:1d:05:21:66 (on wlan0)
	TSF: 387749061066 usec (4d, 11:42:29)
	freq: 2462
	beacon interval: 100
	capability: ESS ShortPreamble ShortSlotTime (0x0421)
	signal: -89.00 dBm
	last seen: 7 ms ago
	SSID: CMCC-EDU
	Supported rates: 1.0* 2.0* 5.5* 11.0* 6.0 9.0 12.0 18.0 
	DS Parameter set: channel 11
	TIM: DTIM Count 0 DTIM Period 1 Bitmap Control 0x0 Bitmap[0] 0x0
	ERP: <no flags>
	Extended supported rates: 24.0 36.0 48.0 54.0 
	WMM:	 * Parameter version 1
		 * u-APSD
		 * BE: CW 15-1023, AIFSN 3
		 * BK: CW 15-1023, AIFSN 7
		 * VI: CW 7-15, AIFSN 2, TXOP 3008 usec
		 * VO: acm CW 3-7, AIFSN 2, TXOP 1504 usec
BSS 00:27:1d:04:28:0f (on wlan0)
	TSF: 387749060974 usec (4d, 11:42:29)
	freq: 2412
	beacon interval: 100
	capability: ESS ShortPreamble ShortSlotTime (0x0421)
	signal: -56.00 dBm
	last seen: 7 ms ago
	SSID: CMCC
	Supported rates: 1.0* 2.0* 5.5* 11.0* 6.0 9.0 12.0 18.0 
	DS Parameter set: channel 1
	ERP: <no flags>
	Extended supported rates: 24.0 36.0 48.0 54.0 
	WMM:	 * Parameter version 1
		 * u-APSD
		 * BE: CW 15-1023, AIFSN 3
		 * BK: CW 15-1023, AIFSN 7
		 * VI: CW 7-15, AIFSN 2, TXOP 3008 usec
		 * VO: acm CW 3-7, AIFSN 2, TXOP 1504 usec
BSS 00:27:1d:05:28:0f (on wlan0)
	TSF: 387749060990 usec (4d, 11:42:29)
	freq: 2412
	beacon interval: 100
	capability: ESS ShortPreamble ShortSlotTime (0x0421)
	signal: -58.00 dBm
	last seen: 7 ms ago
	SSID: CMCC-EDU
	Supported rates: 1.0* 2.0* 5.5* 11.0* 6.0 9.0 12.0 18.0 
	DS Parameter set: channel 1
	ERP: <no flags>
	Extended supported rates: 24.0 36.0 48.0 54.0 
	WMM:	 * Parameter version 1
		 * u-APSD
		 * BE: CW 15-1023, AIFSN 3
		 * BK: CW 15-1023, AIFSN 7
		 * VI: CW 7-15, AIFSN 2, TXOP 3008 usec
		 * VO: acm CW 3-7, AIFSN 2, TXOP 1504 usec
BSS 00:23:89:69:71:80 (on wlan0)
	TSF: 387749061010 usec (4d, 11:42:29)
	freq: 2412
	beacon interval: 100
	capability: ESS ShortPreamble ShortSlotTime (0x0421)
	signal: -67.00 dBm
	last seen: 7 ms ago
	SSID: ChinaNet
	Supported rates: 1.0* 2.0* 5.5* 6.0 9.0 11.0* 12.0 18.0 
	DS Parameter set: channel 1
	Country: CN	Environment: Indoor only
		Channels [1 - 13] @ 27 dBm
	ERP: <no flags>
	Extended supported rates: 24.0 36.0 48.0 54.0 
	WMM:	 * Parameter version 1
		 * u-APSD
		 * BE: CW 15-1023, AIFSN 3
		 * BK: CW 15-1023, AIFSN 7
		 * VI: CW 7-15, AIFSN 2, TXOP 3008 usec
		 * VO: CW 3-7, AIFSN 2, TXOP 1504 usec
BSS 00:23:89:00:e5:10 (on wlan0)
	TSF: 387749061030 usec (4d, 11:42:29)
	freq: 2437
	beacon interval: 100
	capability: ESS ShortPreamble ShortSlotTime (0x0421)
	signal: -83.00 dBm
	last seen: 7 ms ago
	SSID: ChinaNet
	Supported rates: 1.0* 2.0* 5.5* 6.0 9.0 11.0* 12.0 18.0 
	DS Parameter set: channel 6
	TIM: DTIM Count 0 DTIM Period 1 Bitmap Control 0x0 Bitmap[0] 0x0
	Country: CN	Environment: Indoor only
		Channels [1 - 13] @ 27 dBm
	ERP: <no flags>
	Extended supported rates: 24.0 36.0 48.0 54.0 
	WMM:	 * Parameter version 1
		 * u-APSD
		 * BE: CW 15-1023, AIFSN 3
		 * BK: CW 15-1023, AIFSN 7
		 * VI: CW 7-15, AIFSN 2, TXOP 3008 usec
		 * VO: CW 3-7, AIFSN 2, TXOP 1504 usec
BSS 00:27:1d:06:28:0f (on wlan0)
	TSF: 387749060997 usec (4d, 11:42:29)
	freq: 2412
	beacon interval: 100
	capability: ESS Privacy ShortPreamble ShortSlotTime (0x0431)
	signal: -57.00 dBm
	last seen: 7 ms ago
	SSID: CMCC-AUTO
	Supported rates: 1.0* 2.0* 5.5* 11.0* 6.0 9.0 12.0 18.0 
	DS Parameter set: channel 1
	RSN:	 * Version: 1
		 * Group cipher: CCMP
		 * Pairwise ciphers: CCMP
		 * Authentication suites: IEEE 802.1X
		 * Capabilities: (0x0000)
	ERP: <no flags>
	Extended supported rates: 24.0 36.0 48.0 54.0 
	WMM:	 * Parameter version 1
		 * u-APSD
		 * BE: CW 15-1023, AIFSN 3
		 * BK: CW 15-1023, AIFSN 7
		 * VI: CW 7-15, AIFSN 2, TXOP 3008 usec
		 * VO: acm CW 3-7, AIFSN 2, TXOP 1504 usec
BSS 1c:af:f7:c0:51:16 (on wlan0)
	TSF: 387749061003 usec (4d, 11:42:29)
	freq: 2412
	beacon interval: 100
	capability: ESS Privacy ShortSlotTime (0x0411)
	signal: -77.00 dBm
	last seen: 7 ms ago
	SSID: V5ZONE
	Supported rates: 1.0* 2.0* 5.5* 11.0* 18.0 24.0 36.0 54.0 
	DS Parameter set: channel 1
	ERP: <no flags>
	RSN:	 * Version: 1
		 * Group cipher: TKIP
		 * Pairwise ciphers: TKIP
		 * Authentication suites: PSK
		 * Capabilities: (0x0000)
	Extended supported rates: 6.0 9.0 12.0 48.0 
	HT capabilities:
		Capabilities: 0x186c
			HT20
			SM Power Save disabled
			RX HT20 SGI
			RX HT40 SGI
			No RX STBC
			Max AMSDU length: 7935 bytes
			DSSS/CCK HT40
		Maximum RX AMPDU length 65535 bytes (exponent: 0x003)
		Minimum RX AMPDU time spacing: 8 usec (0x06)
		HT RX MCS rate indexes supported: 0-7
		HT TX MCS rate indexes are undefined
	HT operation:
		 * primary channel: 1
		 * secondary channel offset: no secondary
		 * STA channel width: 20 MHz
		 * RIFS: 0
		 * HT protection: non-HT mixed
		 * non-GF present: 0
		 * OBSS non-GF present: 1
		 * dual beacon: 0
		 * dual CTS protection: 0
		 * STBC beacon: 0
		 * L-SIG TXOP Prot: 0
		 * PCO active: 0
		 * PCO phase: 0
BSS 00:27:1d:04:1f:b6 (on wlan0)
	TSF: 387749061036 usec (4d, 11:42:29)
	freq: 2437
	beacon interval: 100
	capability: ESS ShortPreamble ShortSlotTime (0x0421)
	signal: -71.00 dBm
	last seen: 7 ms ago
	SSID: CMCC
	Supported rates: 1.0* 2.0* 5.5* 11.0* 6.0 9.0 12.0 18.0 
	DS Parameter set: channel 6
	TIM: DTIM Count 0 DTIM Period 1 Bitmap Control 0x0 Bitmap[0] 0x0
	ERP: <no flags>
	Extended supported rates: 24.0 36.0 48.0 54.0 
	WMM:	 * Parameter version 1
		 * u-APSD
		 * BE: CW 15-1023, AIFSN 3
		 * BK: CW 15-1023, AIFSN 7
		 * VI: CW 7-15, AIFSN 2, TXOP 3008 usec
		 * VO: acm CW 3-7, AIFSN 2, TXOP 1504 usec
BSS 00:27:1d:05:1f:b6 (on wlan0)
	TSF: 387749061042 usec (4d, 11:42:29)
	freq: 2437
	beacon interval: 100
	capability: ESS ShortPreamble ShortSlotTime (0x0421)
	signal: -74.00 dBm
	last seen: 7 ms ago
	SSID: CMCC-EDU
	Supported rates: 1.0* 2.0* 5.5* 11.0* 6.0 9.0 12.0 18.0 
	DS Parameter set: channel 6
	TIM: DTIM Count 0 DTIM Period 1 Bitmap Control 0x0 Bitmap[0] 0x0
	ERP: <no flags>
	Extended supported rates: 24.0 36.0 48.0 54.0 
	WMM:	 * Parameter version 1
		 * u-APSD
		 * BE: CW 15-1023, AIFSN 3
		 * BK: CW 15-1023, AIFSN 7
		 * VI: CW 7-15, AIFSN 2, TXOP 3008 usec
		 * VO: acm CW 3-7, AIFSN 2, TXOP 1504 usec
BSS 00:27:1d:06:1f:b6 (on wlan0)
	TSF: 387749061024 usec (4d, 11:42:29)
	freq: 2437
	beacon interval: 100
	capability: ESS Privacy ShortPreamble ShortSlotTime (0x0431)
	signal: -75.00 dBm
	last seen: 7 ms ago
	SSID: CMCC-AUTO
	Supported rates: 1.0* 2.0* 5.5* 11.0* 6.0 9.0 12.0 18.0 
	DS Parameter set: channel 6
	RSN:	 * Version: 1
		 * Group cipher: CCMP
		 * Pairwise ciphers: CCMP
		 * Authentication suites: IEEE 802.1X
		 * Capabilities: (0x0000)
	ERP: <no flags>
	Extended supported rates: 24.0 36.0 48.0 54.0 
	WMM:	 * Parameter version 1
		 * u-APSD
		 * BE: CW 15-1023, AIFSN 3
		 * BK: CW 15-1023, AIFSN 7
		 * VI: CW 7-15, AIFSN 2, TXOP 3008 usec
		 * VO: acm CW 3-7, AIFSN 2, TXOP 1504 usec
BSS 40:16:9f:7c:09:9a (on wlan0)
	TSF: 387749061017 usec (4d, 11:42:29)
	freq: 2437
	beacon interval: 100
	capability: ESS Privacy ShortPreamble ShortSlotTime (0x0431)
	signal: -74.00 dBm
	last seen: 7 ms ago
	SSID: dzzjzh
	Supported rates: 1.0* 2.0* 5.5* 11.0* 6.0 9.0 12.0 18.0 
	DS Parameter set: channel 6
	Country: US	Environment: Indoor/Outdoor
		Channels [1 - 13] @ 20 dBm
	ERP: <no flags>
	RSN:	 * Version: 1
		 * Group cipher: CCMP
		 * Pairwise ciphers: CCMP
		 * Authentication suites: PSK
		 * Capabilities: (0x0000)
	Extended supported rates: 24.0 36.0 48.0 54.0 
	HT capabilities:
		Capabilities: 0x106e
			HT20/HT40
			SM Power Save disabled
			RX HT20 SGI
			RX HT40 SGI
			No RX STBC
			Max AMSDU length: 3839 bytes
			DSSS/CCK HT40
		Maximum RX AMPDU length 65535 bytes (exponent: 0x003)
		Minimum RX AMPDU time spacing: No restriction (0x00)
		HT RX MCS rate indexes supported: 0-7
		HT TX MCS rate indexes are undefined
	HT operation:
		 * primary channel: 6
		 * secondary channel offset: above
		 * STA channel width: any
		 * RIFS: 0
		 * HT protection: nonmember
		 * non-GF present: 0
		 * OBSS non-GF present: 1
		 * dual beacon: 0
		 * dual CTS protection: 0
		 * STBC beacon: 0
		 * L-SIG TXOP Prot: 0
		 * PCO active: 0
		 * PCO phase: 0
	WPA:	 * Version: 1
		 * Group cipher: CCMP
		 * Pairwise ciphers: CCMP
		 * Authentication suites: PSK
	WMM:	 * Parameter version 1
		 * BE: CW 15-1023, AIFSN 3
		 * BK: CW 15-1023, AIFSN 7
		 * VI: CW 7-15, AIFSN 2, TXOP 3008 usec
		 * VO: acm CW 3-7, AIFSN 2, TXOP 1504 usec
BSS e4:ce:8f:03:10:0a (on wlan0)
	TSF: 387749061054 usec (4d, 11:42:29)
	freq: 2462
	beacon interval: 100
	capability: ESS Privacy ShortSlotTime (0x0411)
	signal: -90.00 dBm
	last seen: 7 ms ago
	SSID: carbospot
	Supported rates: 1.0* 2.0* 5.5* 11.0* 18.0 24.0 36.0 54.0 
	DS Parameter set: channel 11
	ERP: <no flags>
	RSN:	 * Version: 1
		 * Group cipher: CCMP
		 * Pairwise ciphers: CCMP
		 * Authentication suites: PSK
		 * Capabilities: 4-PTKSA-RC (0x0008)
	Extended supported rates: 6.0 9.0 12.0 48.0 
	HT capabilities:
		Capabilities: 0x19ad
			RX LDPC
			HT20
			SM Power Save disabled
			RX HT20 SGI
			TX STBC
			RX STBC 1-stream
			Max AMSDU length: 7935 bytes
			DSSS/CCK HT40
		Maximum RX AMPDU length 65535 bytes (exponent: 0x003)
		Minimum RX AMPDU time spacing: 8 usec (0x06)
		HT RX MCS rate indexes supported: 0-23
		HT TX MCS rate indexes are undefined
	HT operation:
		 * primary channel: 11
		 * secondary channel offset: no secondary
		 * STA channel width: 20 MHz
		 * RIFS: 1
		 * HT protection: no
		 * non-GF present: 1
		 * OBSS non-GF present: 0
		 * dual beacon: 0
		 * dual CTS protection: 0
		 * STBC beacon: 0
		 * L-SIG TXOP Prot: 0
		 * PCO active: 0
		 * PCO phase: 0
	WMM:	 * Parameter version 1
		 * u-APSD
		 * BE: CW 15-1023, AIFSN 3
		 * BK: CW 15-1023, AIFSN 7
		 * VI: CW 7-15, AIFSN 2, TXOP 3008 usec
		 * VO: CW 3-7, AIFSN 2, TXOP 1504 usec
BSS 00:27:1d:06:21:79 (on wlan0)
	TSF: 387749061073 usec (4d, 11:42:29)
	freq: 2462
	beacon interval: 100
	capability: ESS Privacy ShortPreamble (0x0031)
	signal: -88.00 dBm
	last seen: 7 ms ago
	SSID: CMCC-AUTO
	Supported rates: 1.0* 2.0* 5.5* 11.0* 6.0 9.0 12.0 18.0 
	DS Parameter set: channel 11
	TIM: DTIM Count 0 DTIM Period 1 Bitmap Control 0x0 Bitmap[0] 0x0
	ERP: Use_Protection
	RSN:	 * Version: 1
		 * Group cipher: CCMP
		 * Pairwise ciphers: CCMP
		 * Authentication suites: IEEE 802.1X
		 * Capabilities: (0x0000)
	Extended supported rates: 24.0 36.0 48.0 54.0 
	WMM:	 * Parameter version 1
		 * u-APSD
		 * BE: CW 15-1023, AIFSN 3
		 * BK: CW 15-1023, AIFSN 7
		 * VI: CW 7-15, AIFSN 2, TXOP 3008 usec
		 * VO: acm CW 3-7, AIFSN 2, TXOP 1504 usec
