BSS 00:27:1d:05:21:66 (on wlan0)
	TSF: 387946837310 usec (4d, 11:45:46)
	freq: 2462
	beacon interval: 100
	capability: ESS ShortPreamble (0x0021)
	signal: -53.00 dBm
	last seen: 7 ms ago
	SSID: CMCC-EDU
	Supported rates: 1.0* 2.0* 5.5* 11.0* 6.0 9.0 12.0 18.0 
	DS Parameter set: channel 11
	TIM: DTIM Count 0 DTIM Period 1 Bitmap Control 0x0 Bitmap[0] 0x0
	ERP: Use_Protection
	Extended supported rates: 24.0 36.0 48.0 54.0 
	WMM:	 * Parameter version 1
		 * u-APSD
		 * BE: CW 15-1023, AIFSN 3
		 * BK: CW 15-1023, AIFSN 7
		 * VI: CW 7-15, AIFSN 2, TXOP 3008 usec
		 * VO: acm CW 3-7, AIFSN 2, TXOP 1504 usec
BSS 00:27:1d:06:21:66 (on wlan0)
	TSF: 387946837330 usec (4d, 11:45:46)
	freq: 2462
	beacon interval: 100
	capability: ESS Privacy ShortPreamble (0x0031)
	signal: -55.00 dBm
	last seen: 7 ms ago
	SSID: CMCC-AUTO
	Supported rates: 1.0* 2.0* 5.5* 11.0* 6.0 9.0 12.0 18.0 
	DS Parameter set: channel 11
	RSN:	 * Version: 1
		 * Group cipher: CCMP
		 * Pairwise ciphers: CCMP
		 * Authentication suites: IEEE 802.1X
		 * Capabilities: (0x0000)
	ERP: Use_Protection
	Extended supported rates: 24.0 36.0 48.0 54.0 
	WMM:	 * Parameter version 1
		 * u-APSD
		 * BE: CW 15-1023, AIFSN 3
		 * BK: CW 15-1023, AIFSN 7
		 * VI: CW 7-15, AIFSN 2, TXOP 3008 usec
		 * VO: acm CW 3-7, AIFSN 2, TXOP 1504 usec
BSS 00:27:1d:04:21:66 (on wlan0)
	TSF: 387946837323 usec (4d, 11:45:46)
	freq: 2462
	beacon interval: 100
	capability: ESS ShortPreamble (0x0021)
	signal: -51.00 dBm
	last seen: 7 ms ago
	SSID: CMCC
	Supported rates: 1.0* 2.0* 5.5* 11.0* 6.0 9.0 12.0 18.0 
	DS Parameter set: channel 11
	ERP: Use_Protection
	Extended supported rates: 24.0 36.0 48.0 54.0 
	WMM:	 * Parameter version 1
		 * u-APSD
		 * BE: CW 15-1023, AIFSN 3
		 * BK: CW 15-1023, AIFSN 7
		 * VI: CW 7-15, AIFSN 2, TXOP 3008 usec
		 * VO: acm CW 3-7, AIFSN 2, TXOP 1504 usec
BSS 00:27:1d:05:28:26 (on wlan0)
	TSF: 387946837278 usec (4d, 11:45:46)
	freq: 2412
	beacon interval: 100
	capability: ESS ShortPreamble ShortSlotTime (0x0421)
	signal: -83.00 dBm
	last seen: 7 ms ago
	SSID: CMCC-EDU
	Supported rates: 1.0* 2.0* 5.5* 11.0* 6.0 9.0 12.0 18.0 
	DS Parameter set: channel 1
	TIM: DTIM Count 0 DTIM Period 1 Bitmap Control 0x0 Bitmap[0] 0x0
	ERP: <no flags>
	Extended supported rates: 24.0 36.0 48.0 54.0 
	WMM:	 * Parameter version 1
		 * u-APSD
		 * BE: CW 15-1023, AIFSN 3
		 * BK: CW 15-1023, AIFSN 7
		 * VI: CW 7-15, AIFSN 2, TXOP 3008 usec
		 * VO: acm CW 3-7, AIFSN 2, TXOP 1504 usec
BSS 5c:63:bf:e0:d5:1c (on wlan0)
	TSF: 387946837286 usec (4d, 11:45:46)
	freq: 2437
	beacon interval: 100
	capability: ESS Privacy ShortPreamble SpectrumMgmt ShortSlotTime (0x0531)
	signal: -80.00 dBm
	last seen: 7 ms ago
	SSID: sastnet9
	Supported rates: 1.0* 2.0* 5.5* 11.0* 6.0 9.0 12.0 18.0 
	DS Parameter set: channel 6
	Country: US	Environment: Indoor/Outdoor
		Channels [1 - 13] @ 20 dBm
	Power constraint: 0 dB
	ERP: <no flags>
	RSN:	 * Version: 1
		 * Group cipher: CCMP
		 * Pairwise ciphers: CCMP
		 * Authentication suites: PSK
		 * Capabilities: (0x0000)
	Extended supported rates: 24.0 36.0 48.0 54.0 
	HT capabilities:
		Capabilities: 0x106e
			HT20/HT40
			SM Power Save disabled
			RX HT20 SGI
			RX HT40 SGI
			No RX STBC
			Max AMSDU length: 3839 bytes
			DSSS/CCK HT40
		Maximum RX AMPDU length 65535 bytes (exponent: 0x003)
		Minimum RX AMPDU time spacing: No restriction (0x00)
		HT RX MCS rate indexes supported: 0-15
		HT TX MCS rate indexes are undefined
	HT operation:
		 * primary channel: 6
		 * secondary channel offset: above
		 * STA channel width: any
		 * RIFS: 0
		 * HT protection: nonmember
		 * non-GF present: 1
		 * OBSS non-GF present: 1
		 * dual beacon: 0
		 * dual CTS protection: 0
		 * STBC beacon: 0
		 * L-SIG TXOP Prot: 0
		 * PCO active: 0
		 * PCO phase: 0
	WMM:	 * Parameter version 1
		 * u-APSD
		 * BE: CW 15-1023, AIFSN 3
		 * BK: CW 15-1023, AIFSN 7
		 * VI: CW 7-15, AIFSN 2, TXOP 3008 usec
		 * VO: acm CW 3-7, AIFSN 2, TXOP 1504 usec
	WPS:	 * Version: 1.0
		 * Wi-Fi Protected Setup State: 2 (Configured)
		 * Response Type: 3 (AP)
		 * Unknown TLV (0x1047, 16 bytes): 00 00 00 00 00 00 10 00 00 00 5c 63 bf e0 d5 1c
		 * Manufacturer: TP-LINK
		 * Model: TL-WR740N
		 * Model Number: 1.0
		 * Serial Number: 1.0
		 * Primary Device Type: 6-0050f204-1
		 * Device name: Wireless Router TL-WR740N
		 * Config methods: Ethernet, Label, PBC
		 * RF Bands: 0x1
BSS 00:27:1d:04:28:26 (on wlan0)
	TSF: 387946837269 usec (4d, 11:45:46)
	freq: 2412
	beacon interval: 100
	capability: ESS ShortPreamble ShortSlotTime (0x0421)
	signal: -83.00 dBm
	last seen: 7 ms ago
	SSID: CMCC
	Supported rates: 1.0* 2.0* 5.5* 11.0* 6.0 9.0 12.0 18.0 
	DS Parameter set: channel 1
	TIM: DTIM Count 0 DTIM Period 1 Bitmap Control 0x0 Bitmap[0] 0x0
	ERP: <no flags>
	Extended supported rates: 24.0 36.0 48.0 54.0 
	WMM:	 * Parameter version 1
		 * u-APSD
		 * BE: CW 15-1023, AIFSN 3
		 * BK: CW 15-1023, AIFSN 7
		 * VI: CW 7-15, AIFSN 2, TXOP 3008 usec
		 * VO: acm CW 3-7, AIFSN 2, TXOP 1504 usec
BSS 00:25:86:5a:d7:e4 (on wlan0)
	TSF: 387946837295 usec (4d, 11:45:46)
	freq: 2437
	beacon interval: 100
	capability: ESS Privacy ShortPreamble SpectrumMgmt (0x0131)
	signal: -81.00 dBm
	last seen: 7 ms ago
	SSID: TP-LINK_5AD7E2
	Supported rates: 1.0* 2.0* 5.5* 11.0* 6.0 9.0 12.0 18.0 
	DS Parameter set: channel 6
	TIM: DTIM Count 0 DTIM Period 1 Bitmap Control 0x0 Bitmap[0] 0x0
	Country: CN	Environment: Indoor/Outdoor
		Channels [1 - 13] @ 20 dBm
	Power constraint: 0 dB
	ERP: Use_Protection
	RSN:	 * Version: 1
		 * Group cipher: TKIP
		 * Pairwise ciphers: CCMP TKIP
		 * Authentication suites: PSK
		 * Capabilities: (0x0000)
	WPA:	 * Version: 1
		 * Group cipher: TKIP
		 * Pairwise ciphers: CCMP TKIP
		 * Authentication suites: PSK
	Extended supported rates: 24.0 36.0 48.0 54.0 
	WMM:	 * Parameter version 1
		 * BE: CW 15-1023, AIFSN 3
		 * BK: CW 15-1023, AIFSN 7
		 * VI: CW 7-15, AIFSN 2, TXOP 3008 usec
		 * VO: acm CW 3-7, AIFSN 2, TXOP 1504 usec
	HT capabilities:
		Capabilities: 0x104e
			HT20/HT40
			SM Power Save disabled
			RX HT40 SGI
			No RX STBC
			Max AMSDU length: 3839 bytes
			DSSS/CCK HT40
		Maximum RX AMPDU length 65535 bytes (exponent: 0x003)
		Minimum RX AMPDU time spacing: 8 usec (0x06)
		HT RX MCS rate indexes supported: 0-15
		HT TX MCS rate indexes are undefined
	HT operation:
		 * primary channel: 6
		 * secondary channel offset: below
		 * STA channel width: any
		 * RIFS: 0
		 * HT protection: non-HT mixed
		 * non-GF present: 0
		 * OBSS non-GF present: 1
		 * dual beacon: 0
		 * dual CTS protection: 0
		 * STBC beacon: 0
		 * L-SIG TXOP Prot: 0
		 * PCO active: 0
		 * PCO phase: 0
	WPS:	 * Version: 1.0
		 * Wi-Fi Protected Setup State: 2 (Configured)
		 * AP setup locked: 0x00
		 * Unknown TLV (0x1047, 16 bytes): 56 5a a9 49 67 c1 4c 0e aa 8f f3 49 e6 f5 93 11
		 * RF Bands: 0x1
BSS 14:10:9f:ce:7c:15 (on wlan0)
	TSF: 387946837337 usec (4d, 11:45:46)
	freq: 2462
	beacon interval: 100
	capability: ESS Privacy ShortSlotTime (0x0411)
	signal: -88.00 dBm
	last seen: 7 ms ago
	SSID: hajin-mp
	Supported rates: 1.0* 2.0* 5.5* 11.0* 18.0 24.0 36.0 54.0 
	DS Parameter set: channel 11
	ERP: <no flags>
	RSN:	 * Version: 1
		 * Group cipher: CCMP
		 * Pairwise ciphers: CCMP
		 * Authentication suites: PSK
		 * Capabilities: 4-PTKSA-RC (0x0008)
	Extended supported rates: 6.0 9.0 12.0 48.0 
	HT capabilities:
		Capabilities: 0x19ad
			RX LDPC
			HT20
			SM Power Save disabled
			RX HT20 SGI
			TX STBC
			RX STBC 1-stream
			Max AMSDU length: 7935 bytes
			DSSS/CCK HT40
		Maximum RX AMPDU length 65535 bytes (exponent: 0x003)
		Minimum RX AMPDU time spacing: 8 usec (0x06)
		HT RX MCS rate indexes supported: 0-23
		HT TX MCS rate indexes are undefined
	HT operation:
		 * primary channel: 11
		 * secondary channel offset: no secondary
		 * STA channel width: 20 MHz
		 * RIFS: 1
		 * HT protection: no
		 * non-GF present: 0
		 * OBSS non-GF present: 0
		 * dual beacon: 0
		 * dual CTS protection: 0
		 * STBC beacon: 0
		 * L-SIG TXOP Prot: 0
		 * PCO active: 0
		 * PCO phase: 0
	WMM:	 * Parameter version 1
		 * u-APSD
		 * BE: CW 15-1023, AIFSN 3
		 * BK: CW 15-1023, AIFSN 7
		 * VI: CW 7-15, AIFSN 2, TXOP 3008 usec
		 * VO: CW 3-7, AIFSN 2, TXOP 1504 usec
BSS 14:e6:e4:99:9d:d0 (on wlan0)
	TSF: 387946837256 usec (4d, 11:45:46)
	freq: 2412
	beacon interval: 100
	capability: ESS Privacy ShortPreamble ShortSlotTime (0x0431)
	signal: -80.00 dBm
	last seen: 7 ms ago
	SSID: Eddie's WiFi
	Supported rates: 1.0* 2.0* 5.5* 11.0* 6.0 9.0 12.0 18.0 
	DS Parameter set: channel 1
	Country: US	Environment: Indoor/Outdoor
		Channels [1 - 13] @ 20 dBm
	ERP: <no flags>
	RSN:	 * Version: 1
		 * Group cipher: TKIP
		 * Pairwise ciphers: CCMP TKIP
		 * Authentication suites: PSK
		 * Capabilities: (0x0000)
	Extended supported rates: 24.0 36.0 48.0 54.0 
	HT capabilities:
		Capabilities: 0x106e
			HT20/HT40
			SM Power Save disabled
			RX HT20 SGI
			RX HT40 SGI
			No RX STBC
			Max AMSDU length: 3839 bytes
			DSSS/CCK HT40
		Maximum RX AMPDU length 65535 bytes (exponent: 0x003)
		Minimum RX AMPDU time spacing: No restriction (0x00)
		HT RX MCS rate indexes supported: 0-7
		HT TX MCS rate indexes are undefined
	HT operation:
		 * primary channel: 1
		 * secondary channel offset: above
		 * STA channel width: any
		 * RIFS: 0
		 * HT protection: nonmember
		 * non-GF present: 0
		 * OBSS non-GF present: 1
		 * dual beacon: 0
		 * dual CTS protection: 0
		 * STBC beacon: 0
		 * L-SIG TXOP Prot: 0
		 * PCO active: 0
		 * PCO phase: 0
	WPA:	 * Version: 1
		 * Group cipher: TKIP
		 * Pairwise ciphers: CCMP TKIP
		 * Authentication suites: PSK
	WMM:	 * Parameter version 1
		 * BE: CW 15-1023, AIFSN 3
		 * BK: CW 15-1023, AIFSN 7
		 * VI: CW 7-15, AIFSN 2, TXOP 3008 usec
		 * VO: acm CW 3-7, AIFSN 2, TXOP 1504 usec
BSS 14:e6:e4:4c:98:0e (on wlan0)
	TSF: 387946837303 usec (4d, 11:45:46)
	freq: 2437
	beacon interval: 100
	capability: ESS Privacy ShortPreamble SpectrumMgmt ShortSlotTime (0x0531)
	signal: -86.00 dBm
	last seen: 7 ms ago
	SSID: kc's network
	Supported rates: 1.0* 2.0* 5.5* 11.0* 6.0 9.0 12.0 18.0 
	DS Parameter set: channel 6
	Country: US	Environment: Indoor/Outdoor
		Channels [1 - 13] @ 20 dBm
	Power constraint: 0 dB
	ERP: <no flags>
	RSN:	 * Version: 1
		 * Group cipher: CCMP
		 * Pairwise ciphers: CCMP
		 * Authentication suites: PSK
		 * Capabilities: (0x0000)
	Extended supported rates: 24.0 36.0 48.0 54.0 
	HT capabilities:
		Capabilities: 0x106e
			HT20/HT40
			SM Power Save disabled
			RX HT20 SGI
			RX HT40 SGI
			No RX STBC
			Max AMSDU length: 3839 bytes
			DSSS/CCK HT40
		Maximum RX AMPDU length 65535 bytes (exponent: 0x003)
		Minimum RX AMPDU time spacing: No restriction (0x00)
		HT RX MCS rate indexes supported: 0-15
		HT TX MCS rate indexes are undefined
	HT operation:
		 * primary channel: 6
		 * secondary channel offset: above
		 * STA channel width: any
		 * RIFS: 0
		 * HT protection: non-HT mixed
		 * non-GF present: 1
		 * OBSS non-GF present: 1
		 * dual beacon: 0
		 * dual CTS protection: 0
		 * STBC beacon: 0
		 * L-SIG TXOP Prot: 0
		 * PCO active: 0
		 * PCO phase: 0
	WMM:	 * Parameter version 1
		 * u-APSD
		 * BE: CW 15-1023, AIFSN 3
		 * BK: CW 15-1023, AIFSN 7
		 * VI: CW 7-15, AIFSN 2, TXOP 3008 usec
		 * VO: acm CW 3-7, AIFSN 2, TXOP 1504 usec
	WPS:	 * Version: 1.0
		 * Wi-Fi Protected Setup State: 2 (Configured)
		 * Response Type: 3 (AP)
		 * Unknown TLV (0x1047, 16 bytes): 00 00 00 00 00 00 10 00 00 00 14 e6 e4 4c 98 0e
		 * Manufacturer: TP-LINK
		 * Model: TL-WR740N
		 * Model Number: 1.0
		 * Serial Number: 1.0
		 * Primary Device Type: 6-0050f204-1
		 * Device name: Wireless Router TL-WR740N
		 * Config methods: Ethernet, Label, PBC
		 * RF Bands: 0x1
BSS 7c:d1:c3:f6:eb:97 (on wlan0)
	TSF: 387946837316 usec (4d, 11:45:46)
	freq: 2462
	beacon interval: 100
	capability: ESS Privacy ShortSlotTime (0x0411)
	signal: -79.00 dBm
	last seen: 7 ms ago
	SSID: Cihangâ\x80\x99s MacBook Air
	Supported rates: 1.0* 2.0* 5.5* 11.0* 18.0 24.0 36.0 54.0 
	DS Parameter set: channel 11
	ERP: Barker_Preamble_Mode
	RSN:	 * Version: 1
		 * Group cipher: CCMP
		 * Pairwise ciphers: CCMP
		 * Authentication suites: PSK
		 * Capabilities: 4-PTKSA-RC (0x0008)
	Extended supported rates: 6.0 9.0 12.0 48.0 
	HT capabilities:
		Capabilities: 0x182c
			HT20
			SM Power Save disabled
			RX HT20 SGI
			No RX STBC
			Max AMSDU length: 7935 bytes
			DSSS/CCK HT40
		Maximum RX AMPDU length 65535 bytes (exponent: 0x003)
		Minimum RX AMPDU time spacing: 8 usec (0x06)
		HT RX MCS rate indexes supported: 0-15
		HT TX MCS rate indexes are undefined
	HT operation:
		 * primary channel: 11
		 * secondary channel offset: no secondary
		 * STA channel width: 20 MHz
		 * RIFS: 1
		 * HT protection: no
		 * non-GF present: 0
		 * OBSS non-GF present: 0
		 * dual beacon: 0
		 * dual CTS protection: 0
		 * STBC beacon: 0
		 * L-SIG TXOP Prot: 0
		 * PCO active: 0
		 * PCO phase: 0
	WMM:	 * Parameter version 1
		 * u-APSD
		 * BE: CW 15-1023, AIFSN 3
		 * BK: CW 15-1023, AIFSN 7
		 * VI: CW 7-15, AIFSN 2, TXOP 3008 usec
		 * VO: CW 3-7, AIFSN 2, TXOP 1504 usec
