BSS 00:27:1d:05:28:0f (on wlan0)
	TSF: 387838404990 usec (4d, 11:43:58)
	freq: 2412
	beacon interval: 100
	capability: ESS ShortPreamble ShortSlotTime (0x0421)
	signal: -77.00 dBm
	last seen: 23 ms ago
	SSID: CMCC-EDU
	Supported rates: 1.0* 2.0* 5.5* 11.0* 6.0 9.0 12.0 18.0 
	DS Parameter set: channel 1
	TIM: DTIM Count 0 DTIM Period 1 Bitmap Control 0x1 Bitmap[0] 0x10 (+ 2 octets)
	ERP: <no flags>
	Extended supported rates: 24.0 36.0 48.0 54.0 
	WMM:	 * Parameter version 1
		 * u-APSD
		 * BE: CW 15-1023, AIFSN 3
		 * BK: CW 15-1023, AIFSN 7
		 * VI: CW 7-15, AIFSN 2, TXOP 3008 usec
		 * VO: acm CW 3-7, AIFSN 2, TXOP 1504 usec
BSS 00:27:1d:06:28:0f (on wlan0)
	TSF: 387838405040 usec (4d, 11:43:58)
	freq: 2412
	beacon interval: 100
	capability: ESS Privacy ShortPreamble ShortSlotTime (0x0431)
	signal: -77.00 dBm
	last seen: 23 ms ago
	SSID: CMCC-AUTO
	Supported rates: 1.0* 2.0* 5.5* 11.0* 6.0 9.0 12.0 18.0 
	DS Parameter set: channel 1
	RSN:	 * Version: 1
		 * Group cipher: CCMP
		 * Pairwise ciphers: CCMP
		 * Authentication suites: IEEE 802.1X
		 * Capabilities: (0x0000)
	ERP: <no flags>
	Extended supported rates: 24.0 36.0 48.0 54.0 
	WMM:	 * Parameter version 1
		 * u-APSD
		 * BE: CW 15-1023, AIFSN 3
		 * BK: CW 15-1023, AIFSN 7
		 * VI: CW 7-15, AIFSN 2, TXOP 3008 usec
		 * VO: acm CW 3-7, AIFSN 2, TXOP 1504 usec
BSS 00:27:1d:04:1f:b6 (on wlan0)
	TSF: 387838405081 usec (4d, 11:43:58)
	freq: 2437
	beacon interval: 100
	capability: ESS ShortPreamble ShortSlotTime (0x0421)
	signal: -72.00 dBm
	last seen: 23 ms ago
	SSID: CMCC
	Supported rates: 1.0* 2.0* 5.5* 11.0* 6.0 9.0 12.0 18.0 
	DS Parameter set: channel 6
	TIM: DTIM Count 0 DTIM Period 1 Bitmap Control 0x0 Bitmap[0] 0x0
	ERP: <no flags>
	Extended supported rates: 24.0 36.0 48.0 54.0 
	WMM:	 * Parameter version 1
		 * u-APSD
		 * BE: CW 15-1023, AIFSN 3
		 * BK: CW 15-1023, AIFSN 7
		 * VI: CW 7-15, AIFSN 2, TXOP 3008 usec
		 * VO: acm CW 3-7, AIFSN 2, TXOP 1504 usec
BSS 00:27:1d:05:1f:b6 (on wlan0)
	TSF: 387838405122 usec (4d, 11:43:58)
	freq: 2437
	beacon interval: 100
	capability: ESS ShortPreamble ShortSlotTime (0x0421)
	signal: -70.00 dBm
	last seen: 23 ms ago
	SSID: CMCC-EDU
	Supported rates: 1.0* 2.0* 5.5* 11.0* 6.0 9.0 12.0 18.0 
	DS Parameter set: channel 6
	TIM: DTIM Count 0 DTIM Period 1 Bitmap Control 0x1 Bitmap[0] 0x0
	ERP: <no flags>
	Extended supported rates: 24.0 36.0 48.0 54.0 
	WMM:	 * Parameter version 1
		 * u-APSD
		 * BE: CW 15-1023, AIFSN 3
		 * BK: CW 15-1023, AIFSN 7
		 * VI: CW 7-15, AIFSN 2, TXOP 3008 usec
		 * VO: acm CW 3-7, AIFSN 2, TXOP 1504 usec
BSS 00:27:1d:06:21:79 (on wlan0)
	TSF: 387838405251 usec (4d, 11:43:58)
	freq: 2462
	beacon interval: 100
	capability: ESS Privacy ShortPreamble (0x0031)
	signal: -70.00 dBm
	last seen: 23 ms ago
	SSID: CMCC-AUTO
	Supported rates: 1.0* 2.0* 5.5* 11.0* 6.0 9.0 12.0 18.0 
	DS Parameter set: channel 11
	TIM: DTIM Count 0 DTIM Period 1 Bitmap Control 0x0 Bitmap[0] 0x0
	ERP: Use_Protection
	RSN:	 * Version: 1
		 * Group cipher: CCMP
		 * Pairwise ciphers: CCMP
		 * Authentication suites: IEEE 802.1X
		 * Capabilities: (0x0000)
	Extended supported rates: 24.0 36.0 48.0 54.0 
	WMM:	 * Parameter version 1
		 * u-APSD
		 * BE: CW 15-1023, AIFSN 3
		 * BK: CW 15-1023, AIFSN 7
		 * VI: CW 7-15, AIFSN 2, TXOP 3008 usec
		 * VO: acm CW 3-7, AIFSN 2, TXOP 1504 usec
BSS 00:27:1d:04:28:0f (on wlan0)
	TSF: 387838404933 usec (4d, 11:43:58)
	freq: 2412
	beacon interval: 100
	capability: ESS ShortPreamble ShortSlotTime (0x0421)
	signal: -72.00 dBm
	last seen: 23 ms ago
	SSID: CMCC
	Supported rates: 1.0* 2.0* 5.5* 11.0* 6.0 9.0 12.0 18.0 
	DS Parameter set: channel 1
	TIM: DTIM Count 0 DTIM Period 1 Bitmap Control 0x0 Bitmap[0] 0x0
	ERP: <no flags>
	Extended supported rates: 24.0 36.0 48.0 54.0 
	WMM:	 * Parameter version 1
		 * u-APSD
		 * BE: CW 15-1023, AIFSN 3
		 * BK: CW 15-1023, AIFSN 7
		 * VI: CW 7-15, AIFSN 2, TXOP 3008 usec
		 * VO: acm CW 3-7, AIFSN 2, TXOP 1504 usec
BSS 00:27:1d:05:21:66 (on wlan0)
	TSF: 387838405292 usec (4d, 11:43:58)
	freq: 2462
	beacon interval: 100
	capability: ESS ShortPreamble (0x0021)
	signal: -49.00 dBm
	last seen: 23 ms ago
	SSID: CMCC-EDU
	Supported rates: 1.0* 2.0* 5.5* 11.0* 6.0 9.0 12.0 18.0 
	DS Parameter set: channel 11
	TIM: DTIM Count 0 DTIM Period 1 Bitmap Control 0x1 Bitmap[0] 0x0
	ERP: Use_Protection
	Extended supported rates: 24.0 36.0 48.0 54.0 
	WMM:	 * Parameter version 1
		 * u-APSD
		 * BE: CW 15-1023, AIFSN 3
		 * BK: CW 15-1023, AIFSN 7
		 * VI: CW 7-15, AIFSN 2, TXOP 3008 usec
		 * VO: acm CW 3-7, AIFSN 2, TXOP 1504 usec
BSS 00:27:1d:06:21:66 (on wlan0)
	TSF: 387838405333 usec (4d, 11:43:58)
	freq: 2462
	beacon interval: 100
	capability: ESS Privacy ShortPreamble (0x0031)
	signal: -51.00 dBm
	last seen: 23 ms ago
	SSID: CMCC-AUTO
	Supported rates: 1.0* 2.0* 5.5* 11.0* 6.0 9.0 12.0 18.0 
	DS Parameter set: channel 11
	RSN:	 * Version: 1
		 * Group cipher: CCMP
		 * Pairwise ciphers: CCMP
		 * Authentication suites: IEEE 802.1X
		 * Capabilities: (0x0000)
	ERP: Use_Protection
	Extended supported rates: 24.0 36.0 48.0 54.0 
	WMM:	 * Parameter version 1
		 * u-APSD
		 * BE: CW 15-1023, AIFSN 3
		 * BK: CW 15-1023, AIFSN 7
		 * VI: CW 7-15, AIFSN 2, TXOP 3008 usec
		 * VO: acm CW 3-7, AIFSN 2, TXOP 1504 usec
BSS 00:27:1d:04:21:66 (on wlan0)
	TSF: 387838405209 usec (4d, 11:43:58)
	freq: 2462
	beacon interval: 100
	capability: ESS ShortPreamble (0x0021)
	signal: -48.00 dBm
	last seen: 23 ms ago
	SSID: CMCC
	Supported rates: 1.0* 2.0* 5.5* 11.0* 6.0 9.0 12.0 18.0 
	DS Parameter set: channel 11
	TIM: DTIM Count 0 DTIM Period 1 Bitmap Control 0x0 Bitmap[0] 0x0
	ERP: Use_Protection
	Extended supported rates: 24.0 36.0 48.0 54.0 
	WMM:	 * Parameter version 1
		 * u-APSD
		 * BE: CW 15-1023, AIFSN 3
		 * BK: CW 15-1023, AIFSN 7
		 * VI: CW 7-15, AIFSN 2, TXOP 3008 usec
		 * VO: acm CW 3-7, AIFSN 2, TXOP 1504 usec
BSS 00:27:1d:05:21:79 (on wlan0)
	TSF: 387838405166 usec (4d, 11:43:58)
	freq: 2462
	beacon interval: 100
	capability: ESS ShortPreamble (0x0021)
	signal: -73.00 dBm
	last seen: 23 ms ago
	SSID: CMCC-EDU
	Supported rates: 1.0* 2.0* 5.5* 11.0* 6.0 9.0 12.0 18.0 
	DS Parameter set: channel 11
	TIM: DTIM Count 0 DTIM Period 1 Bitmap Control 0x0 Bitmap[0] 0x0
	ERP: Use_Protection
	Extended supported rates: 24.0 36.0 48.0 54.0 
	WMM:	 * Parameter version 1
		 * u-APSD
		 * BE: CW 15-1023, AIFSN 3
		 * BK: CW 15-1023, AIFSN 7
		 * VI: CW 7-15, AIFSN 2, TXOP 3008 usec
		 * VO: acm CW 3-7, AIFSN 2, TXOP 1504 usec
BSS 02:06:00:01:67:80 (on wlan0)
	TSF: 387838404856 usec (4d, 11:43:58)
	freq: 2412
	beacon interval: 1000
	capability: ESS ShortPreamble SpectrumMgmt ShortSlotTime (0x0521)
	signal: -70.00 dBm
	last seen: 23 ms ago
	SSID: ChinaUnicom
	Supported rates: 6.0* 9.0 12.0* 18.0 24.0* 36.0 48.0 54.0 
	DS Parameter set: channel 1
	Country: CN	Environment: Indoor only
		Channels [1 - 13] @ 27 dBm
	Power constraint: 0 dB
	ERP: <no flags>
	HT capabilities:
		Capabilities: 0x18c
			HT20
			SM Power Save disabled
			TX STBC
			RX STBC 1-stream
			Max AMSDU length: 3839 bytes
			No DSSS/CCK HT40
		Maximum RX AMPDU length 65535 bytes (exponent: 0x003)
		Minimum RX AMPDU time spacing: 8 usec (0x06)
		HT RX MCS rate indexes supported: 0-15
		HT TX MCS rate indexes are undefined
	HT operation:
		 * primary channel: 1
		 * secondary channel offset: no secondary
		 * STA channel width: 20 MHz
		 * RIFS: 0
		 * HT protection: nonmember
		 * non-GF present: 0
		 * OBSS non-GF present: 1
		 * dual beacon: 0
		 * dual CTS protection: 0
		 * STBC beacon: 0
		 * L-SIG TXOP Prot: 0
		 * PCO active: 0
		 * PCO phase: 0
	WMM:	 * Parameter version 1
		 * u-APSD
		 * BE: CW 15-1023, AIFSN 3
		 * BK: CW 15-1023, AIFSN 7
		 * VI: CW 7-15, AIFSN 2, TXOP 3008 usec
		 * VO: acm CW 3-7, AIFSN 2, TXOP 1504 usec
BSS 00:23:89:68:a2:70 (on wlan0)
	TSF: 387838405371 usec (4d, 11:43:58)
	freq: 2462
	beacon interval: 100
	capability: ESS ShortPreamble ShortSlotTime (0x0421)
	signal: -81.00 dBm
	last seen: 23 ms ago
	SSID: ChinaNet
	Supported rates: 1.0* 2.0* 5.5* 6.0 9.0 11.0* 12.0 18.0 
	DS Parameter set: channel 11
	TIM: DTIM Count 0 DTIM Period 1 Bitmap Control 0x1 Bitmap[0] 0x10
	Country: CN	Environment: Indoor only
		Channels [1 - 13] @ 27 dBm
	ERP: <no flags>
	Extended supported rates: 24.0 36.0 48.0 54.0 
	WMM:	 * Parameter version 1
		 * u-APSD
		 * BE: CW 15-1023, AIFSN 3
		 * BK: CW 15-1023, AIFSN 7
		 * VI: CW 7-15, AIFSN 2, TXOP 3008 usec
		 * VO: CW 3-7, AIFSN 2, TXOP 1504 usec
